{"level":"info","message":"Server running on port 3000","timestamp":"2025-05-07T15:29:32.257Z"}
{"level":"info","message":"Server running on port 3000","timestamp":"2025-05-07T15:33:06.979Z"}
{"level":"info","message":"Server running on port 3000","timestamp":"2025-05-07T15:34:48.186Z"}
{"level":"warn","message":"Missing inputs in request","timestamp":"2025-05-07T15:37:05.001Z"}
{"level":"info","message":"Loading model from: ./models/model.json","timestamp":"2025-05-07T15:37:37.196Z"}
{"level":"error","message":"Failed to load model: An InputLayer should be passed either a `batchInputShape` or an `inputShape`.","timestamp":"2025-05-07T15:37:37.200Z"}
{"level":"error","message":"Model info error: Failed to load model: An InputLayer should be passed either a `batchInputShape` or an `inputShape`.","timestamp":"2025-05-07T15:37:37.201Z"}
{"level":"error","message":"Error: Failed to load model: An InputLayer should be passed either a `batchInputShape` or an `inputShape`.","timestamp":"2025-05-07T15:37:37.202Z"}
{"level":"info","message":"Server running on port 3000","timestamp":"2025-05-07T15:45:14.876Z"}
{"level":"info","message":"Server running on port 3000","timestamp":"2025-05-07T15:45:37.050Z"}
{"level":"info","message":"Server running on port 3000","timestamp":"2025-05-07T15:51:36.240Z"}
{"level":"info","message":"Loading model from: ./models/model.json","timestamp":"2025-05-07T15:51:47.666Z"}
{"level":"error","message":"Failed to load model: An InputLayer should be passed either a `batchInputShape` or an `inputShape`.","timestamp":"2025-05-07T15:51:47.677Z"}
{"level":"error","message":"Model info error: Failed to load model: An InputLayer should be passed either a `batchInputShape` or an `inputShape`.","timestamp":"2025-05-07T15:51:47.679Z"}
{"level":"error","message":"Error: Failed to load model: An InputLayer should be passed either a `batchInputShape` or an `inputShape`.","timestamp":"2025-05-07T15:51:47.681Z"}
{"level":"info","message":"Server running on port 3000","timestamp":"2025-05-07T15:54:58.697Z"}
{"level":"info","message":"Server running on port 3000","timestamp":"2025-05-07T15:55:29.607Z"}
{"level":"info","message":"Server running on port 3000","timestamp":"2025-05-07T15:55:32.730Z"}
{"level":"info","message":"Loading model from: ./models/model.json","timestamp":"2025-05-07T15:55:39.839Z"}
{"level":"error","message":"Failed to load model: ENOENT: no such file or directory, open 'C:\\Users\\Enoca\\Downloads\\bitirme\\backend\\models\\model.json'","timestamp":"2025-05-07T15:55:39.841Z"}
{"level":"error","message":"Model info error: Failed to load model: ENOENT: no such file or directory, open 'C:\\Users\\Enoca\\Downloads\\bitirme\\backend\\models\\model.json'","timestamp":"2025-05-07T15:55:39.844Z"}
{"level":"error","message":"Error: Failed to load model: ENOENT: no such file or directory, open 'C:\\Users\\Enoca\\Downloads\\bitirme\\backend\\models\\model.json'","timestamp":"2025-05-07T15:55:39.847Z"}
{"level":"info","message":"Server running on port 3000","timestamp":"2025-05-07T15:55:54.809Z"}
{"level":"info","message":"Loading model from: ./models/model.json","timestamp":"2025-05-07T15:55:58.306Z"}
{"level":"info","message":"Model loaded successfully","timestamp":"2025-05-07T15:55:58.340Z"}
{"level":"info","message":"Server running on port 3000","timestamp":"2025-05-07T16:11:14.334Z"}
{"level":"info","message":"Server running on port 3000","timestamp":"2025-05-07T16:11:19.168Z"}
{"level":"info","message":"Server running on port 3000","timestamp":"2025-05-07T16:11:28.100Z"}
{"level":"info","message":"Server running on port 3000","timestamp":"2025-05-07T16:11:49.308Z"}
{"level":"info","message":"Loading model from: ./models/model.json","timestamp":"2025-05-07T16:11:53.669Z"}
{"level":"error","message":"Failed to load model: An InputLayer should be passed either a `batchInputShape` or an `inputShape`.","timestamp":"2025-05-07T16:11:53.682Z"}
{"level":"error","message":"Model info error: Failed to load model: An InputLayer should be passed either a `batchInputShape` or an `inputShape`.","timestamp":"2025-05-07T16:11:53.684Z"}
{"level":"error","message":"Error: Failed to load model: An InputLayer should be passed either a `batchInputShape` or an `inputShape`.","timestamp":"2025-05-07T16:11:53.687Z"}
{"level":"info","message":"Server running on port 3000","timestamp":"2025-05-07T16:16:46.295Z"}
{"level":"info","message":"Server running on port 3000","timestamp":"2025-05-07T16:16:48.598Z"}
{"level":"info","message":"Loading model from: ./models/model.json","timestamp":"2025-05-07T16:16:54.259Z"}
{"level":"error","message":"Failed to load model: An InputLayer should be passed either a `batchInputShape` or an `inputShape`.","timestamp":"2025-05-07T16:16:54.271Z"}
{"level":"error","message":"Model info error: Failed to load model: An InputLayer should be passed either a `batchInputShape` or an `inputShape`.","timestamp":"2025-05-07T16:16:54.273Z"}
{"level":"error","message":"Error: Failed to load model: An InputLayer should be passed either a `batchInputShape` or an `inputShape`.","timestamp":"2025-05-07T16:16:54.275Z"}
